In file included from ../src/bufferutil.cc:15:
../../nan/nan.h:79:9: error: no template named 'Handle' in namespace 'v8'
  , v8::Handle<v8::String> opt, bool def
    ~~~~^
../../nan/nan.h:94:9: error: no template named 'Handle' in namespace 'v8'
  , v8::Handle<v8::String> opt
    ~~~~^
../../nan/nan.h:101:9: error: no template named 'Handle' in namespace 'v8'
  , v8::Handle<v8::String> opt
    ~~~~^
../../nan/nan.h:112:25: error: no member named 'Handle' in namespace 'v8'
v8::Local<T> NanNew(v8::Handle<T>);
                    ~~~~^
../../nan/nan.h:112:32: error: 'T' does not refer to a value
v8::Local<T> NanNew(v8::Handle<T>);
                               ^
../../nan/nan.h:111:19: note: declared here
template<typename T>
                  ^
../../nan/nan.h:112:34: error: expected expression
v8::Local<T> NanNew(v8::Handle<T>);
                                 ^
../../nan/nan.h:115:1: warning: inline variables are a C++17 extension [-Wc++17-extensions]
NAN_INLINE v8::Local<T> _NanEnsureLocal(v8::Handle<T> val) {
^
../../nan/nan.h:35:21: note: expanded from macro 'NAN_INLINE'
# define NAN_INLINE inline __attribute__((always_inline))
                    ^
../../nan/nan.h:115:1: warning: 'always_inline' attribute only applies to functions [-Wignored-attributes]
../../nan/nan.h:35:43: note: expanded from macro 'NAN_INLINE'
# define NAN_INLINE inline __attribute__((always_inline))
                                          ^
../../nan/nan.h:115:45: error: no member named 'Handle' in namespace 'v8'
NAN_INLINE v8::Local<T> _NanEnsureLocal(v8::Handle<T> val) {
                                        ~~~~^
../../nan/nan.h:115:52: error: 'T' does not refer to a value
NAN_INLINE v8::Local<T> _NanEnsureLocal(v8::Handle<T> val) {
                                                   ^
../../nan/nan.h:114:19: note: declared here
template<typename T>
                  ^
../../nan/nan.h:115:55: error: use of undeclared identifier 'val'
NAN_INLINE v8::Local<T> _NanEnsureLocal(v8::Handle<T> val) {
                                                      ^
../../nan/nan.h:115:59: error: expected ';' at end of declaration
NAN_INLINE v8::Local<T> _NanEnsureLocal(v8::Handle<T> val) {
                                                          ^
                                                          ;
../../nan/nan.h:115:60: error: expected unqualified-id
NAN_INLINE v8::Local<T> _NanEnsureLocal(v8::Handle<T> val) {
                                                           ^
../../nan/nan.h:120:25: error: redefinition of '_NanEnsureLocal' as different kind of symbol
NAN_INLINE v8::Local<T> _NanEnsureLocal(v8::Local<T> val) {
                        ^
../../nan/nan.h:115:25: note: previous definition is here
NAN_INLINE v8::Local<T> _NanEnsureLocal(v8::Handle<T> val) {
                        ^
../../nan/nan.h:193:27: error: redefinition of 'NanNew' as different kind of symbol
  NAN_INLINE v8::Local<T> NanNew() {
                          ^
../../nan/nan.h:112:14: note: previous definition is here
v8::Local<T> NanNew(v8::Handle<T>);
             ^
../../nan/nan.h:198:27: error: redefinition of 'NanNew' as different kind of symbol
  NAN_INLINE v8::Local<T> NanNew(P arg1) {
                          ^
../../nan/nan.h:112:14: note: previous definition is here
v8::Local<T> NanNew(v8::Handle<T>);
             ^
../../nan/nan.h:203:3: warning: inline variables are a C++17 extension [-Wc++17-extensions]
  NAN_INLINE v8::Local<v8::Signature> NanNew(
  ^
../../nan/nan.h:35:21: note: expanded from macro 'NAN_INLINE'
# define NAN_INLINE inline __attribute__((always_inline))
                    ^
../../nan/nan.h:203:3: warning: 'always_inline' attribute only applies to functions [-Wignored-attributes]
../../nan/nan.h:35:43: note: expanded from macro 'NAN_INLINE'
# define NAN_INLINE inline __attribute__((always_inline))
                                          ^
../../nan/nan.h:203:39: error: redefinition of 'NanNew' with a different type: 'Local<v8::Signature>' vs 'Local<T>'
  NAN_INLINE v8::Local<v8::Signature> NanNew(
                                      ^
../../nan/nan.h:112:14: note: previous definition is here
v8::Local<T> NanNew(v8::Handle<T>);
             ^
../../nan/nan.h:204:11: error: no member named 'Handle' in namespace 'v8'
      v8::Handle<v8::FunctionTemplate> receiver
      ~~~~^
../../nan/nan.h:204:38: error: expected '(' for function-style cast or type construction
      v8::Handle<v8::FunctionTemplate> receiver
                 ~~~~~~~~~~~~~~~~~~~~^
../../nan/nan.h:204:40: error: use of undeclared identifier 'receiver'
      v8::Handle<v8::FunctionTemplate> receiver
                                       ^
../../nan/nan.h:205:11: error: expected '(' for function-style cast or type construction
    , int argc
      ~~~ ^
fatal error: too many errors emitted, stopping now [-ferror-limit=]
4 warnings and 20 errors generated.
make: *** [Release/obj.target/bufferutil/src/bufferutil.o] Error 1
gyp ERR! build error 
gyp ERR! stack Error: `make` failed with exit code: 2
gyp ERR! stack     at ChildProcess.onExit (/usr/local/lib/node_modules/npm/node_modules/node-gyp/lib/build.js:196:23)
gyp ERR! stack     at ChildProcess.emit (events.js:209:13)
gyp ERR! stack     at Process.ChildProcess._handle.onexit (internal/child_process.js:272:12)
gyp ERR! System Darwin 18.7.0
gyp ERR! command "/usr/local/Cellar/node/12.10.0/bin/node" "/usr/local/lib/node_modules/npm/node_modules/node-gyp/bin/node-gyp.js" "rebuild"
gyp ERR! cwd /Users/timothelaude/IdeaProjects/chatNode/node_modules/ws
gyp ERR! node -v v12.10.0
gyp ERR! node-gyp -v v5.0.3
gyp ERR! not ok 
